<?xml version="1.0" encoding="UTF-8"?>
<!-- Generated by org.testng.reporters.JUnitReportReporter -->
<testsuite hostname="system11" name="DriverFactory.DataDrivenFrameWork" tests="1" failures="0" timestamp="9 Dec 2019 07:11:58 GMT" time="85.033" errors="0">
  <testcase name="supplierCre" time="85.033" classname="DriverFactory.DataDrivenFrameWork"/>
</testsuite> <!-- DriverFactory.DataDrivenFrameWork -->
