<?xml version="1.0" encoding="UTF-8"?>
<!-- Generated by org.testng.reporters.JUnitReportReporter -->
<testsuite hostname="system11" name="DriverFactory.AppTest" tests="1" failures="0" timestamp="18 Dec 2019 04:22:19 GMT" time="49.060" errors="0">
  <testcase name="startTest" time="49.060" classname="DriverFactory.AppTest"/>
</testsuite> <!-- DriverFactory.AppTest -->
